0 info it worked if it ends with ok
1 verbose cli [ 'C:\\Program Files (x86)\\nodejs\\\\node.exe',
1 verbose cli   'C:\\Program Files (x86)\\nodejs\\node_modules\\npm\\bin\\npm-cli.js',
1 verbose cli   'publish' ]
2 info using npm@2.7.4
3 info using node@v0.12.2
4 verbose node symlink C:\Program Files (x86)\nodejs\\node.exe
5 verbose config Skipping project config: C:\Users\Alex/.npmrc. (matches userconfig)
6 verbose publish [ '.' ]
7 silly cache add args [ '.', null ]
8 verbose cache add spec .
9 silly cache add parsed spec { raw: '.',
9 silly cache add   scope: null,
9 silly cache add   name: null,
9 silly cache add   rawSpec: '.',
9 silly cache add   spec: 'C:\\Users\\Alex\\Desktop\\Censorify',
9 silly cache add   type: 'local' }
10 error addLocal Could not install C:\Users\Alex\Desktop\Censorify
11 verbose stack Error: EISDIR, read
11 verbose stack     at Error (native)
12 verbose cwd C:\Users\Alex\Desktop\Censorify
13 error Windows_NT 6.3.9600
14 error argv "C:\\Program Files (x86)\\nodejs\\\\node.exe" "C:\\Program Files (x86)\\nodejs\\node_modules\\npm\\bin\\npm-cli.js" "publish"
15 error node v0.12.2
16 error npm  v2.7.4
17 error code EISDIR
18 error errno -4068
19 error EISDIR, read
20 error If you need help, you may report this error at:
20 error     <https://github.com/npm/npm/issues>
21 verbose exit [ -4068, true ]
